<?xml version="1.0" encoding="UTF-8"?>
<testsuite xmlns:xsi="http://www.w3.org/2001/XMLSchema-instance" xsi:noNamespaceSchemaLocation="https://maven.apache.org/surefire/maven-surefire-plugin/xsd/surefire-test-report.xsd" name="TestRunner.TestRunner" time="10.27" tests="1" errors="1" skipped="0" failures="0">
  <properties>
[...]
</properties>
  <testcase name="I want to using feature search on google" classname="Search Google" time="9.91">
    <error message="no such element: Unable to locate element: {&quot;method&quot;:&quot;xpath&quot;,&quot;selector&quot;:&quot;//a[@href=&apos;https://www.linkedin.com/in/sanny-era-eliza-siallagan/&apos;]&quot;}&#10;  (Session info: chrome=94.0.4606.81)&#10;For documentation on this error, please visit: https://www.seleniumhq.org/exceptions/no_such_element.html&#10;Build info: version: &apos;3.141.59&apos;, revision: &apos;e82be7d358&apos;, time: &apos;2018-11-14T08:17:03&apos;&#10;System info: host: &apos;sannyeliza.local&apos;, ip: &apos;fe80:0:0:0:c12:be54:bda2:d63a%en0&apos;, os.name: &apos;Mac OS X&apos;, os.arch: &apos;x86_64&apos;, os.version: &apos;10.16&apos;, java.version: &apos;1.8.0_301&apos;&#10;Driver info: org.openqa.selenium.chrome.ChromeDriver&#10;Capabilities {acceptInsecureCerts: false, browserName: chrome, browserVersion: 94.0.4606.81, chrome: {chromedriverVersion: 94.0.4606.41 (333e85df3c9b6..., userDataDir: /var/folders/cx/4dzw33615jq...}, goog:chromeOptions: {debuggerAddress: localhost:52266}, javascriptEnabled: true, networkConnectionEnabled: false, pageLoadStrategy: normal, platform: MAC, platformName: MAC, proxy: Proxy(), setWindowRect: true, strictFileInteractability: false, timeouts: {implicit: 0, pageLoad: 300000, script: 30000}, unhandledPromptBehavior: dismiss and notify, webauthn:extension:credBlob: true, webauthn:extension:largeBlob: true, webauthn:virtualAuthenticators: true}&#10;Session ID: 6319a285fa0f60280ffd7c266d0ee5d4&#10;*** Element info: {Using=xpath, value=//a[@href=&apos;https://www.linkedin.com/in/sanny-era-eliza-siallagan/&apos;]}" type="org.openqa.selenium.NoSuchElementException">org.openqa.selenium.NoSuchElementException: 
no such element: Unable to locate element: {"method":"xpath","selector":"//a[@href='https://www.linkedin.com/in/sanny-era-eliza-siallagan/']"}
  (Session info: chrome=94.0.4606.81)
For documentation on this error, please visit: https://www.seleniumhq.org/exceptions/no_such_element.html
Build info: version: '3.141.59', revision: 'e82be7d358', time: '2018-11-14T08:17:03'
System info: host: 'sannyeliza.local', ip: 'fe80:0:0:0:c12:be54:bda2:d63a%en0', os.name: 'Mac OS X', os.arch: 'x86_64', os.version: '10.16', java.version: '1.8.0_301'
Driver info: org.openqa.selenium.chrome.ChromeDriver
Capabilities {acceptInsecureCerts: false, browserName: chrome, browserVersion: 94.0.4606.81, chrome: {chromedriverVersion: 94.0.4606.41 (333e85df3c9b6..., userDataDir: /var/folders/cx/4dzw33615jq...}, goog:chromeOptions: {debuggerAddress: localhost:52266}, javascriptEnabled: true, networkConnectionEnabled: false, pageLoadStrategy: normal, platform: MAC, platformName: MAC, proxy: Proxy(), setWindowRect: true, strictFileInteractability: false, timeouts: {implicit: 0, pageLoad: 300000, script: 30000}, unhandledPromptBehavior: dismiss and notify, webauthn:extension:credBlob: true, webauthn:extension:largeBlob: true, webauthn:virtualAuthenticators: true}
Session ID: 6319a285fa0f60280ffd7c266d0ee5d4
*** Element info: {Using=xpath, value=//a[@href='https://www.linkedin.com/in/sanny-era-eliza-siallagan/']}
</error>
    <system-out><![CDATA[
Scenario: I want to using feature search on google   &amp#27;[90m# src/test/resources/Features/SearchGoogle.feature:2&amp#27;[0m
current dir = /Users/sannyeliza/Documents/Sanny/Kitabisa/Study/source belajar/automation-bdd-google
  &amp#27;[32mGiven &amp#27;[0m&amp#27;[32mI Open browser&amp#27;[0m                               &amp#27;[90m# StepDef.SearchGoogle.iOpenBrowser()&amp#27;[0m
  &amp#27;[32mAnd &amp#27;[0m&amp#27;[32mOpen website Google&amp#27;[0m                            &amp#27;[90m# StepDef.SearchGoogle.openWebsiteGoogle()&amp#27;[0m
  &amp#27;[32mAnd &amp#27;[0m&amp#27;[32mLocated on google website&amp#27;[0m                      &amp#27;[90m# StepDef.SearchGoogle.locatedOnGoogleWebsite()&amp#27;[0m
  &amp#27;[32mWhen &amp#27;[0m&amp#27;[32mI search &amp#27;[0m&amp#27;[32m&amp#27;[1m"Sanny Era Eliza"&amp#27;[0m                    &amp#27;[90m# StepDef.SearchGoogle.iSearch(java.lang.String)&amp#27;[0m
  &amp#27;[31mThen &amp#27;[0m&amp#27;[31mShowing result related with &amp#27;[0m&amp#27;[31m&amp#27;[1m"Sanny Era Eliza"&amp#27;[0m &amp#27;[90m# StepDef.SearchGoogle.showingResultRelatedWith(java.lang.String)&amp#27;[0m
      &amp#27;[31morg.openqa.selenium.NoSuchElementException: no such element: Unable to locate element: {"method":"xpath","selector":"//a[@href='https://www.linkedin.com/in/sanny-era-eliza-siallagan/']"}
  (Session info: chrome=94.0.4606.81)
For documentation on this error, please visit: https://www.seleniumhq.org/exceptions/no_such_element.html
Build info: version: '3.141.59', revision: 'e82be7d358', time: '2018-11-14T08:17:03'
System info: host: 'sannyeliza.local', ip: 'fe80:0:0:0:c12:be54:bda2:d63a%en0', os.name: 'Mac OS X', os.arch: 'x86_64', os.version: '10.16', java.version: '1.8.0_301'
Driver info: org.openqa.selenium.chrome.ChromeDriver
Capabilities {acceptInsecureCerts: false, browserName: chrome, browserVersion: 94.0.4606.81, chrome: {chromedriverVersion: 94.0.4606.41 (333e85df3c9b6..., userDataDir: /var/folders/cx/4dzw33615jq...}, goog:chromeOptions: {debuggerAddress: localhost:52266}, javascriptEnabled: true, networkConnectionEnabled: false, pageLoadStrategy: normal, platform: MAC, platformName: MAC, proxy: Proxy(), setWindowRect: true, strictFileInteractability: false, timeouts: {implicit: 0, pageLoad: 300000, script: 30000}, unhandledPromptBehavior: dismiss and notify, webauthn:extension:credBlob: true, webauthn:extension:largeBlob: true, webauthn:virtualAuthenticators: true}
Session ID: 6319a285fa0f60280ffd7c266d0ee5d4
*** Element info: {Using=xpath, value=//a[@href='https://www.linkedin.com/in/sanny-era-eliza-siallagan/']}
	at sun.reflect.NativeConstructorAccessorImpl.newInstance0(Native Method)
	at sun.reflect.NativeConstructorAccessorImpl.newInstance(NativeConstructorAccessorImpl.java:62)
	at sun.reflect.DelegatingConstructorAccessorImpl.newInstance(DelegatingConstructorAccessorImpl.java:45)
	at java.lang.reflect.Constructor.newInstance(Constructor.java:423)
	at org.openqa.selenium.remote.http.W3CHttpResponseCodec.createException(W3CHttpResponseCodec.java:187)
	at org.openqa.selenium.remote.http.W3CHttpResponseCodec.decode(W3CHttpResponseCodec.java:122)
	at org.openqa.selenium.remote.http.W3CHttpResponseCodec.decode(W3CHttpResponseCodec.java:49)
	at org.openqa.selenium.remote.HttpCommandExecutor.execute(HttpCommandExecutor.java:158)
	at org.openqa.selenium.remote.service.DriverCommandExecutor.execute(DriverCommandExecutor.java:83)
	at org.openqa.selenium.remote.RemoteWebDriver.execute(RemoteWebDriver.java:552)
	at org.openqa.selenium.remote.RemoteWebDriver.findElement(RemoteWebDriver.java:323)
	at org.openqa.selenium.remote.RemoteWebDriver.findElementByXPath(RemoteWebDriver.java:428)
	at org.openqa.selenium.By$ByXPath.findElement(By.java:353)
	at org.openqa.selenium.remote.RemoteWebDriver.findElement(RemoteWebDriver.java:315)
	at StepDef.SearchGoogle.showingResultRelatedWith(SearchGoogle.java:42)
	at ✽.Showing result related with "Sanny Era Eliza"(file:///Users/sannyeliza/Documents/Sanny/Kitabisa/Study/source%20belajar/automation-bdd-google/src/test/resources/Features/SearchGoogle.feature:7)
&amp#27;[0m
]]></system-out>
    <system-err><![CDATA[Starting ChromeDriver 94.0.4606.41 (333e85df3c9b656b518b5f1add5ff246365b6c24-refs/branch-heads/4606@{#845}) on port 2710
Only local connections are allowed.
Please see https://chromedriver.chromium.org/security-considerations for suggestions on keeping ChromeDriver safe.
ChromeDriver was started successfully.
Oct 25, 2021 12:18:56 PM org.openqa.selenium.remote.ProtocolHandshake createSession
INFO: Detected dialect: W3C
]]></system-err>
  </testcase>
</testsuite>